<?xml version="1.0" ?>
<!DOCTYPE coverage SYSTEM "http://cobertura.sourceforge.net/xml/coverage-04.dtd">
<coverage lines-valid="23" lines-covered="21" line-rate="0.9129999999999999" branches-valid="8" branches-covered="8" branch-rate="1" timestamp="1660012575187" complexity="0" version="0.1">
  <sources>
    <source>/Users/dino/Downloads/01-starting-project</source>
  </sources>
  <packages>
    <package name="src" line-rate="0" branch-rate="1">
      <classes>
        <class name="App.js" filename="src/App.js" line-rate="0" branch-rate="1">
          <methods>
            <method name="App" hits="0" signature="()V">
              <lines>
                <line number="6" hits="0"/>
              </lines>
            </method>
          </methods>
          <lines>
            <line number="7" hits="0" branch="false"/>
          </lines>
        </class>
        <class name="index.js" filename="src/index.js" line-rate="0" branch-rate="1">
          <methods>
          </methods>
          <lines>
            <line number="7" hits="0" branch="false"/>
          </lines>
        </class>
      </classes>
    </package>
    <package name="src.components" line-rate="1" branch-rate="1">
      <classes>
        <class name="Greeting.js" filename="src/components/Greeting.js" line-rate="1" branch-rate="1">
          <methods>
            <method name="Greeting" hits="6" signature="()V">
              <lines>
                <line number="4" hits="6"/>
              </lines>
            </method>
            <method name="(anonymous_1)" hits="2" signature="()V">
              <lines>
                <line number="6" hits="2"/>
              </lines>
            </method>
          </methods>
          <lines>
            <line number="5" hits="6" branch="false"/>
            <line number="6" hits="6" branch="false"/>
            <line number="7" hits="2" branch="false"/>
            <line number="10" hits="6" branch="false"/>
          </lines>
        </class>
        <class name="Output.js" filename="src/components/Output.js" line-rate="1" branch-rate="1">
          <methods>
            <method name="Output" hits="6" signature="()V">
              <lines>
                <line number="3" hits="6"/>
              </lines>
            </method>
          </methods>
          <lines>
            <line number="4" hits="6" branch="false"/>
          </lines>
        </class>
      </classes>
    </package>
    <package name="src.components.Async" line-rate="1" branch-rate="1">
      <classes>
        <class name="Async.js" filename="src/components/Async/Async.js" line-rate="1" branch-rate="1">
          <methods>
            <method name="(anonymous_0)" hits="2" signature="()V">
              <lines>
                <line number="3" hits="2"/>
              </lines>
            </method>
            <method name="(anonymous_1)" hits="1" signature="()V">
              <lines>
                <line number="6" hits="1"/>
              </lines>
            </method>
            <method name="(anonymous_2)" hits="1" signature="()V">
              <lines>
                <line number="8" hits="1"/>
              </lines>
            </method>
            <method name="(anonymous_3)" hits="1" signature="()V">
              <lines>
                <line number="9" hits="1"/>
              </lines>
            </method>
            <method name="(anonymous_4)" hits="100" signature="()V">
              <lines>
                <line number="17" hits="100"/>
              </lines>
            </method>
          </methods>
          <lines>
            <line number="3" hits="1" branch="false"/>
            <line number="4" hits="2" branch="false"/>
            <line number="6" hits="2" branch="false"/>
            <line number="7" hits="1" branch="false"/>
            <line number="8" hits="1" branch="false"/>
            <line number="10" hits="1" branch="false"/>
            <line number="14" hits="2" branch="false"/>
            <line number="18" hits="100" branch="false"/>
          </lines>
        </class>
      </classes>
    </package>
    <package name="src.components.ColorButton" line-rate="1" branch-rate="1">
      <classes>
        <class name="ColorButton.js" filename="src/components/ColorButton/ColorButton.js" line-rate="1" branch-rate="1">
          <methods>
            <method name="replaceCamelCaseWithSpaces" hits="16" signature="()V">
              <lines>
                <line number="3" hits="16"/>
              </lines>
            </method>
            <method name="ColorButton" hits="13" signature="()V">
              <lines>
                <line number="7" hits="13"/>
              </lines>
            </method>
            <method name="(anonymous_2)" hits="2" signature="()V">
              <lines>
                <line number="20" hits="2"/>
              </lines>
            </method>
            <method name="(anonymous_3)" hits="6" signature="()V">
              <lines>
                <line number="31" hits="6"/>
              </lines>
            </method>
          </methods>
          <lines>
            <line number="4" hits="16" branch="false"/>
            <line number="8" hits="13" branch="false"/>
            <line number="10" hits="13" branch="true" condition-coverage="100% (2/2)"/>
            <line number="11" hits="13" branch="false"/>
            <line number="13" hits="13" branch="false"/>
            <line number="20" hits="2" branch="false"/>
            <line number="32" hits="6" branch="false"/>
            <line number="33" hits="6" branch="false"/>
          </lines>
        </class>
      </classes>
    </package>
  </packages>
</coverage>
