{"C:\\Users\\ntqdinh\\Desktop\\code demo testing with jest\\src\\App.js": {"path":"C:\\Users\\ntqdinh\\Desktop\\code demo testing with jest\\src\\App.js","statementMap":{"0":{"start":{"line":7,"column":2},"end":{"line":13,"column":4}}},"fnMap":{"0":{"name":"App","decl":{"start":{"line":6,"column":9},"end":{"line":6,"column":12}},"loc":{"start":{"line":6,"column":15},"end":{"line":14,"column":1}},"line":6}},"branchMap":{},"s":{"0":0},"f":{"0":0},"b":{}}
,"C:\\Users\\ntqdinh\\Desktop\\code demo testing with jest\\src\\index.js": {"path":"C:\\Users\\ntqdinh\\Desktop\\code demo testing with jest\\src\\index.js","statementMap":{"0":{"start":{"line":7,"column":0},"end":{"line":7,"column":58}}},"fnMap":{},"branchMap":{},"s":{"0":0},"f":{},"b":{}}
,"C:\\Users\\ntqdinh\\Desktop\\code demo testing with jest\\src\\components\\Greeting.js": {"path":"C:\\Users\\ntqdinh\\Desktop\\code demo testing with jest\\src\\components\\Greeting.js","statementMap":{"0":{"start":{"line":5,"column":40},"end":{"line":5,"column":55}},"1":{"start":{"line":6,"column":28},"end":{"line":8,"column":3}},"2":{"start":{"line":7,"column":4},"end":{"line":7,"column":25}},"3":{"start":{"line":10,"column":2},"end":{"line":17,"column":4}}},"fnMap":{"0":{"name":"Greeting","decl":{"start":{"line":4,"column":24},"end":{"line":4,"column":32}},"loc":{"start":{"line":4,"column":35},"end":{"line":18,"column":1}},"line":4},"1":{"name":"(anonymous_1)","decl":{"start":{"line":6,"column":28},"end":{"line":6,"column":29}},"loc":{"start":{"line":6,"column":34},"end":{"line":8,"column":3}},"line":6}},"branchMap":{"0":{"loc":{"start":{"line":13,"column":7},"end":{"line":13,"column":61}},"type":"binary-expr","locations":[{"start":{"line":13,"column":7},"end":{"line":13,"column":19}},{"start":{"line":13,"column":23},"end":{"line":13,"column":61}}],"line":13},"1":{"loc":{"start":{"line":14,"column":7},"end":{"line":14,"column":47}},"type":"binary-expr","locations":[{"start":{"line":14,"column":7},"end":{"line":14,"column":18}},{"start":{"line":14,"column":22},"end":{"line":14,"column":47}}],"line":14}},"s":{"0":6,"1":6,"2":2,"3":6},"f":{"0":6,"1":2},"b":{"0":[6,4],"1":[6,2]},"_coverageSchema":"1a1c01bbd47fc00a2c39e90264f33305004495a9","hash":"af68dca6d5c70dd141d120965d3d6815d5ece0bc"}
,"C:\\Users\\ntqdinh\\Desktop\\code demo testing with jest\\src\\components\\Output.js": {"path":"C:\\Users\\ntqdinh\\Desktop\\code demo testing with jest\\src\\components\\Output.js","statementMap":{"0":{"start":{"line":4,"column":2},"end":{"line":4,"column":33}}},"fnMap":{"0":{"name":"Output","decl":{"start":{"line":3,"column":24},"end":{"line":3,"column":30}},"loc":{"start":{"line":3,"column":38},"end":{"line":5,"column":1}},"line":3}},"branchMap":{},"s":{"0":6},"f":{"0":6},"b":{},"_coverageSchema":"1a1c01bbd47fc00a2c39e90264f33305004495a9","hash":"c14da92c9a08d935d71f9db5314a764a7df6f67d"}
,"C:\\Users\\ntqdinh\\Desktop\\code demo testing with jest\\src\\components\\Async\\Async.js": {"path":"C:\\Users\\ntqdinh\\Desktop\\code demo testing with jest\\src\\components\\Async\\Async.js","statementMap":{"0":{"start":{"line":3,"column":14},"end":{"line":23,"column":1}},"1":{"start":{"line":4,"column":28},"end":{"line":4,"column":40}},"2":{"start":{"line":6,"column":2},"end":{"line":12,"column":9}},"3":{"start":{"line":7,"column":4},"end":{"line":11,"column":9}},"4":{"start":{"line":8,"column":26},"end":{"line":8,"column":41}},"5":{"start":{"line":10,"column":8},"end":{"line":10,"column":23}},"6":{"start":{"line":14,"column":2},"end":{"line":22,"column":4}},"7":{"start":{"line":18,"column":10},"end":{"line":18,"column":45}}},"fnMap":{"0":{"name":"(anonymous_0)","decl":{"start":{"line":3,"column":14},"end":{"line":3,"column":15}},"loc":{"start":{"line":3,"column":20},"end":{"line":23,"column":1}},"line":3},"1":{"name":"(anonymous_1)","decl":{"start":{"line":6,"column":12},"end":{"line":6,"column":13}},"loc":{"start":{"line":6,"column":18},"end":{"line":12,"column":3}},"line":6},"2":{"name":"(anonymous_2)","decl":{"start":{"line":8,"column":12},"end":{"line":8,"column":13}},"loc":{"start":{"line":8,"column":26},"end":{"line":8,"column":41}},"line":8},"3":{"name":"(anonymous_3)","decl":{"start":{"line":9,"column":12},"end":{"line":9,"column":13}},"loc":{"start":{"line":9,"column":22},"end":{"line":11,"column":7}},"line":9},"4":{"name":"(anonymous_4)","decl":{"start":{"line":17,"column":19},"end":{"line":17,"column":20}},"loc":{"start":{"line":18,"column":10},"end":{"line":18,"column":45}},"line":18}},"branchMap":{},"s":{"0":1,"1":2,"2":2,"3":1,"4":1,"5":1,"6":2,"7":100},"f":{"0":2,"1":1,"2":1,"3":1,"4":100},"b":{},"_coverageSchema":"1a1c01bbd47fc00a2c39e90264f33305004495a9","hash":"85d5eec8dcebe5b84fe87f2a73939525c2949930"}
,"C:\\Users\\ntqdinh\\Desktop\\code demo testing with jest\\src\\components\\ColorButton\\ColorButton.js": {"path":"C:\\Users\\ntqdinh\\Desktop\\code demo testing with jest\\src\\components\\ColorButton\\ColorButton.js","statementMap":{"0":{"start":{"line":4,"column":2},"end":{"line":4,"column":50}},"1":{"start":{"line":8,"column":40},"end":{"line":8,"column":67}},"2":{"start":{"line":10,"column":4},"end":{"line":10,"column":74}},"3":{"start":{"line":11,"column":34},"end":{"line":11,"column":49}},"4":{"start":{"line":13,"column":2},"end":{"line":38,"column":4}},"5":{"start":{"line":20,"column":23},"end":{"line":20,"column":53}},"6":{"start":{"line":32,"column":10},"end":{"line":32,"column":40}},"7":{"start":{"line":33,"column":10},"end":{"line":33,"column":40}}},"fnMap":{"0":{"name":"replaceCamelCaseWithSpaces","decl":{"start":{"line":3,"column":16},"end":{"line":3,"column":42}},"loc":{"start":{"line":3,"column":54},"end":{"line":5,"column":1}},"line":3},"1":{"name":"ColorButton","decl":{"start":{"line":7,"column":24},"end":{"line":7,"column":35}},"loc":{"start":{"line":7,"column":38},"end":{"line":39,"column":1}},"line":7},"2":{"name":"(anonymous_2)","decl":{"start":{"line":20,"column":17},"end":{"line":20,"column":18}},"loc":{"start":{"line":20,"column":23},"end":{"line":20,"column":53}},"line":20},"3":{"name":"(anonymous_3)","decl":{"start":{"line":31,"column":18},"end":{"line":31,"column":19}},"loc":{"start":{"line":31,"column":25},"end":{"line":34,"column":9}},"line":31}},"branchMap":{"0":{"loc":{"start":{"line":10,"column":4},"end":{"line":10,"column":74}},"type":"cond-expr","locations":[{"start":{"line":10,"column":40},"end":{"line":10,"column":54}},{"start":{"line":10,"column":57},"end":{"line":10,"column":74}}],"line":10},"1":{"loc":{"start":{"line":17,"column":27},"end":{"line":17,"column":58}},"type":"cond-expr","locations":[{"start":{"line":17,"column":38},"end":{"line":17,"column":44}},{"start":{"line":17,"column":47},"end":{"line":17,"column":58}}],"line":17}},"s":{"0":16,"1":13,"2":13,"3":13,"4":13,"5":2,"6":6,"7":6},"f":{"0":16,"1":13,"2":2,"3":6},"b":{"0":[9,4],"1":[3,10]},"_coverageSchema":"1a1c01bbd47fc00a2c39e90264f33305004495a9","hash":"a2c2539ca33f03f50dca544c0d8a80624c07ff15"}
}
